[2024-05-23 00:01:23] INFO root fetch - main [MainThread]: Get Changelog since Serial: [23333456]
[2024-05-23 00:01:28] INFO root fetch - main [MainThread]: Found 5 changed packages
[2024-05-23 00:01:28] INFO root fetch - processPackages [ThreadPoolExecutor-0_0]: Start processing: airbyte-cdk
[2024-05-23 00:01:28] INFO root fetch - processPackages [ThreadPoolExecutor-0_1]: Start processing: mojo-results
[2024-05-23 00:01:28] INFO root fetch - processPackages [ThreadPoolExecutor-0_2]: Start processing: approx-umap
[2024-05-23 00:01:28] INFO root fetch - processPackages [ThreadPoolExecutor-0_3]: Start processing: sapiopylib
[2024-05-23 00:01:28] INFO root fetch - processPackages [ThreadPoolExecutor-0_4]: Start processing: kappamodules
[2024-05-23 00:01:28] INFO root fetch - processPackages [approx-umap]: New version: [0.1.3] Old Version: [0.1.2]
[2024-05-23 00:01:29] INFO root fetch - processPackages [approx-umap]: Downloading https://files.pythonhosted.org/packages/ba/75/4dbd87499d8bf82cbb6ef7093f49b5567dd625d8738a7a9a380847e2b7c7/approx_umap-0.1.2.tar.gz
[2024-05-23 00:01:29] INFO root fetch - processPackages [mojo-results]: New version: [1.3.9] Old Version: [1.3.8]
[2024-05-23 00:01:29] INFO root fetch - processPackages [sapiopylib]: New version: [2024.5.7rc197] Old Version: [2024.5.7rc196]
[2024-05-23 00:01:29] INFO root fetch - processPackages [airbyte-cdk]: New version: [1.1.0] Old Version: [1.0.1]
[2024-05-23 00:01:29] INFO root fetch - processPackages [kappamodules]: New version: [0.1.8] Old Version: [0.1.7]
[2024-05-23 00:01:29] INFO root fetch - processPackages [approx-umap]: Downloading https://files.pythonhosted.org/packages/b0/10/5f472d7b70bb5c4d6e7da22b375f1ff4408fcb932ca10d29e7c955733d77/approx_umap-0.1.3.tar.gz
[2024-05-23 00:01:29] INFO root fetch - processPackages [mojo-results]: Downloading https://files.pythonhosted.org/packages/8e/c3/6e39bafa19ff0477a30ebe3ed9775b10ab5a189ea60414ff60bbe0df470d/mojo_results-1.3.8.tar.gz
[2024-05-23 00:01:29] INFO root fetch - processPackages [airbyte-cdk]: Downloading https://files.pythonhosted.org/packages/5a/43/6d1e532efda507b1abfb9877b1ee5f85e4856dd0b56e2b5294553c8a74ea/airbyte_cdk-1.0.1.tar.gz
[2024-05-23 00:01:29] INFO root fetch - processPackages [sapiopylib]: Downloading https://files.pythonhosted.org/packages/4c/1c/e9dfacf3de6421604293f1430f02b27537d91ae272fd6cb9c434f5c2e890/sapiopylib-2024.5.7rc196.tar.gz
[2024-05-23 00:01:29] INFO root fetch - processPackages [kappamodules]: Downloading https://files.pythonhosted.org/packages/3b/e2/1ae9387d8409532bc4bf07acb0b2668b501b1cde2d63e40733fb972b1f4c/kappamodules-0.1.7.tar.gz
[2024-05-23 00:01:29] INFO root fetch - processPackages [approx-umap]: executing diffoscope
[2024-05-23 00:01:29] INFO root fetch - processPackages [approx-umap]: podman run --user 0:0 --rm -w /home/abi/fetcher -v /home/abi/fetcher/tmp:/home/abi/fetcher/tmp:ro -v /home/abi/fetcher/20240523:/home/abi/fetcher/20240523:rw registry.salsa.debian.org/reproducible-builds/diffoscope --no-progress tmp/approx_umap-0.1.2.tar.gz tmp/approx_umap-0.1.3.tar.gz --markdown 20240523/a/approx-umap/0.1.2-0.1.3/README.md --exclude *.pyd
[2024-05-23 00:01:29] INFO root fetch - processPackages [airbyte-cdk]: Downloading https://files.pythonhosted.org/packages/17/7c/2759c6afe39846fe748b960bb5d3c2842aa08d6967f7d0f93d5019c793d5/airbyte_cdk-1.1.0.tar.gz
[2024-05-23 00:01:29] INFO root fetch - processPackages [kappamodules]: Downloading https://files.pythonhosted.org/packages/81/fc/bada4aae7de7149188e11f5ee6f6bb78d0725367f860197922b557fbd65b/kappamodules-0.1.8.tar.gz
[2024-05-23 00:01:29] INFO root fetch - processPackages [mojo-results]: Downloading https://files.pythonhosted.org/packages/62/0e/adb07ad0d5ef4069cd714f7d94382b07f9bb484ab47b2482fd75ab7a020b/mojo_results-1.3.9.tar.gz
[2024-05-23 00:01:29] INFO root fetch - processPackages [sapiopylib]: Downloading https://files.pythonhosted.org/packages/92/c8/f09b37dfd891960344707d28a95f88dbcf245edb008e226ee6476ee0a5a5/sapiopylib-2024.5.7rc197.tar.gz
[2024-05-23 00:01:29] INFO root fetch - processPackages [kappamodules]: executing diffoscope
[2024-05-23 00:01:29] INFO root fetch - processPackages [kappamodules]: podman run --user 0:0 --rm -w /home/abi/fetcher -v /home/abi/fetcher/tmp:/home/abi/fetcher/tmp:ro -v /home/abi/fetcher/20240523:/home/abi/fetcher/20240523:rw registry.salsa.debian.org/reproducible-builds/diffoscope --no-progress tmp/kappamodules-0.1.7.tar.gz tmp/kappamodules-0.1.8.tar.gz --markdown 20240523/k/kappamodules/0.1.7-0.1.8/README.md --exclude *.pyd
[2024-05-23 00:01:29] INFO root fetch - processPackages [airbyte-cdk]: executing diffoscope
[2024-05-23 00:01:29] INFO root fetch - processPackages [airbyte-cdk]: podman run --user 0:0 --rm -w /home/abi/fetcher -v /home/abi/fetcher/tmp:/home/abi/fetcher/tmp:ro -v /home/abi/fetcher/20240523:/home/abi/fetcher/20240523:rw registry.salsa.debian.org/reproducible-builds/diffoscope --no-progress tmp/airbyte_cdk-1.0.1.tar.gz tmp/airbyte_cdk-1.1.0.tar.gz --markdown 20240523/a/airbyte-cdk/1.0.1-1.1.0/README.md --exclude *.pyd
[2024-05-23 00:01:29] INFO root fetch - processPackages [mojo-results]: executing diffoscope
[2024-05-23 00:01:29] INFO root fetch - processPackages [mojo-results]: podman run --user 0:0 --rm -w /home/abi/fetcher -v /home/abi/fetcher/tmp:/home/abi/fetcher/tmp:ro -v /home/abi/fetcher/20240523:/home/abi/fetcher/20240523:rw registry.salsa.debian.org/reproducible-builds/diffoscope --no-progress tmp/mojo_results-1.3.8.tar.gz tmp/mojo_results-1.3.9.tar.gz --markdown 20240523/m/mojo-results/1.3.8-1.3.9/README.md --exclude *.pyd
[2024-05-23 00:01:29] INFO root fetch - processPackages [sapiopylib]: executing diffoscope
[2024-05-23 00:01:29] INFO root fetch - processPackages [sapiopylib]: podman run --user 0:0 --rm -w /home/abi/fetcher -v /home/abi/fetcher/tmp:/home/abi/fetcher/tmp:ro -v /home/abi/fetcher/20240523:/home/abi/fetcher/20240523:rw registry.salsa.debian.org/reproducible-builds/diffoscope --no-progress tmp/sapiopylib-2024.5.7rc196.tar.gz tmp/sapiopylib-2024.5.7rc197.tar.gz --markdown 20240523/s/sapiopylib/2024.5.7rc196-2024.5.7rc197/README.md --exclude *.pyd
[2024-05-23 00:01:29] INFO root fetch - processPackages [approx-umap]: Remove: archive file [/home/abi/fetcher/tmp/approx_umap-0.1.2.tar.gz]
[2024-05-23 00:01:29] INFO root fetch - processPackages [approx-umap]: Remove: archive file [/home/abi/fetcher/tmp/approx_umap-0.1.3.tar.gz]
[2024-05-23 00:01:29] INFO root fetch - main [MainThread]: End processing [approx-umap]: success
[2024-05-23 00:01:30] INFO root fetch - processPackages [mojo-results]: Remove: archive file [/home/abi/fetcher/tmp/mojo_results-1.3.8.tar.gz]
[2024-05-23 00:01:30] INFO root fetch - processPackages [mojo-results]: Remove: archive file [/home/abi/fetcher/tmp/mojo_results-1.3.9.tar.gz]
[2024-05-23 00:01:30] INFO root fetch - main [MainThread]: End processing [mojo-results]: success
[2024-05-23 00:01:30] INFO root fetch - processPackages [kappamodules]: Remove: archive file [/home/abi/fetcher/tmp/kappamodules-0.1.7.tar.gz]
[2024-05-23 00:01:30] INFO root fetch - processPackages [kappamodules]: Remove: archive file [/home/abi/fetcher/tmp/kappamodules-0.1.8.tar.gz]
[2024-05-23 00:01:30] INFO root fetch - main [MainThread]: End processing [kappamodules]: success
[2024-05-23 00:01:30] INFO root fetch - processPackages [sapiopylib]: Remove: archive file [/home/abi/fetcher/tmp/sapiopylib-2024.5.7rc196.tar.gz]
[2024-05-23 00:01:30] INFO root fetch - processPackages [sapiopylib]: Remove: archive file [/home/abi/fetcher/tmp/sapiopylib-2024.5.7rc197.tar.gz]
[2024-05-23 00:01:30] INFO root fetch - main [MainThread]: End processing [sapiopylib]: success
[2024-05-23 00:01:31] INFO root fetch - processPackages [airbyte-cdk]: Remove: archive file [/home/abi/fetcher/tmp/airbyte_cdk-1.0.1.tar.gz]
[2024-05-23 00:01:31] INFO root fetch - processPackages [airbyte-cdk]: Remove: archive file [/home/abi/fetcher/tmp/airbyte_cdk-1.1.0.tar.gz]
[2024-05-23 00:01:31] INFO root fetch - main [MainThread]: End processing [airbyte-cdk]: success
[2024-05-23 00:01:31] INFO root fetch - main [MainThread]: Store serial: [23333473]
[2024-05-23 00:03:34] INFO root fetch - main [MainThread]: Get Changelog since Serial: [23333473]
[2024-05-23 00:03:39] INFO root fetch - main [MainThread]: Found 5 changed packages
[2024-05-23 00:03:39] INFO root fetch - processPackages [ThreadPoolExecutor-0_0]: Start processing: ob-metaflow-extensions
[2024-05-23 00:03:39] INFO root fetch - processPackages [ThreadPoolExecutor-0_1]: Start processing: superblocks-agent
[2024-05-23 00:03:39] INFO root fetch - processPackages [ThreadPoolExecutor-0_2]: Start processing: meerschaum
[2024-05-23 00:03:39] INFO root fetch - processPackages [ThreadPoolExecutor-0_3]: Start processing: JBioSeqTools
[2024-05-23 00:03:39] INFO root fetch - processPackages [ThreadPoolExecutor-0_4]: Start processing: MRISegmentator
[2024-05-23 00:03:39] INFO root fetch - processPackages [JBioSeqTools]: New version: [2.0.4] Old Version: [2.0.3]
[2024-05-23 00:03:39] INFO root fetch - processPackages [superblocks-agent]: New version: [0.0.9] Old Version: [0.0.8]
[2024-05-23 00:03:39] INFO root fetch - processPackages [JBioSeqTools]: Downloading https://files.pythonhosted.org/packages/55/7e/f08de83de44ed79c710c9f7805e400c5c2c9c8be39b92ecdce21e7d67fb3/JBioSeqTools-2.0.3.tar.gz
[2024-05-23 00:03:40] INFO root fetch - processPackages [superblocks-agent]: Downloading https://files.pythonhosted.org/packages/84/3b/6802ee2a76e5e0104b60f43df911e4711182d98a5f66a7993730f0d45959/superblocks-agent-0.0.8.tar.gz
[2024-05-23 00:03:40] INFO root fetch - processPackages [ob-metaflow-extensions]: New version: [1.1.9rc1] Old Version: [1.1.9rc0]
[2024-05-23 00:03:40] INFO root fetch - processPackages [MRISegmentator]: New version: [0.2.0] Old Version: [0.1.0]
[2024-05-23 00:03:40] INFO root fetch - processPackages [meerschaum]: New version: [2.2.0rc2] Old Version: [2.2.0rc1]
[2024-05-23 00:03:40] INFO root fetch - processPackages [ob-metaflow-extensions]: Downloading https://files.pythonhosted.org/packages/f6/24/4fdd704647ebdded38ac1efc2b8dba106c9ab672518ddbb9b1dd783862e9/ob-metaflow-extensions-1.1.9rc0.tar.gz
[2024-05-23 00:03:40] INFO root fetch - processPackages [superblocks-agent]: Downloading https://files.pythonhosted.org/packages/c7/b1/71b275379fdc2106748d0c22e5c803b23ddb9e4f4957fdacecf924a05c68/superblocks-agent-0.0.9.tar.gz
[2024-05-23 00:03:40] INFO root fetch - processPackages [MRISegmentator]: Downloading https://files.pythonhosted.org/packages/d1/7b/06e2edd36c5d70ce8897dfa4968989dde9f61f92ed2115e0a7476f4c416d/mrisegmentator-0.1.0.tar.gz
[2024-05-23 00:03:40] INFO root fetch - processPackages [JBioSeqTools]: Downloading https://files.pythonhosted.org/packages/4d/8b/e96ba238b90f1a95fb18b6d8a3014fb6701fcc932f57f28bc2b38a6a7ba6/JBioSeqTools-2.0.4.tar.gz
[2024-05-23 00:03:40] INFO root fetch - processPackages [meerschaum]: Downloading https://files.pythonhosted.org/packages/9b/73/0f78b69f2138cf4874d86eef9d17849144267cc672e5ad443760f43e147f/meerschaum-2.2.0rc1.tar.gz
[2024-05-23 00:03:40] INFO root fetch - processPackages [superblocks-agent]: executing diffoscope
[2024-05-23 00:03:40] INFO root fetch - processPackages [superblocks-agent]: podman run --user 0:0 --rm -w /home/abi/fetcher -v /home/abi/fetcher/tmp:/home/abi/fetcher/tmp:ro -v /home/abi/fetcher/20240523:/home/abi/fetcher/20240523:rw registry.salsa.debian.org/reproducible-builds/diffoscope --no-progress tmp/superblocks-agent-0.0.8.tar.gz tmp/superblocks-agent-0.0.9.tar.gz --markdown 20240523/s/superblocks-agent/0.0.8-0.0.9/README.md --exclude *.pyd
[2024-05-23 00:03:40] INFO root fetch - processPackages [JBioSeqTools]: executing diffoscope
[2024-05-23 00:03:40] INFO root fetch - processPackages [JBioSeqTools]: podman run --user 0:0 --rm -w /home/abi/fetcher -v /home/abi/fetcher/tmp:/home/abi/fetcher/tmp:ro -v /home/abi/fetcher/20240523:/home/abi/fetcher/20240523:rw registry.salsa.debian.org/reproducible-builds/diffoscope --no-progress tmp/JBioSeqTools-2.0.3.tar.gz tmp/JBioSeqTools-2.0.4.tar.gz --markdown 20240523/J/JBioSeqTools/2.0.3-2.0.4/README.md --exclude *.pyd
[2024-05-23 00:03:40] INFO root fetch - processPackages [MRISegmentator]: Downloading https://files.pythonhosted.org/packages/fa/ab/5ac751cf0cc8e43576786d99183e9d7f867efd42802830bc1adc4ce9c0c9/mrisegmentator-0.2.0.tar.gz
[2024-05-23 00:03:40] INFO root fetch - processPackages [ob-metaflow-extensions]: Downloading https://files.pythonhosted.org/packages/13/fa/f6774ac8df2d55f441049045a0ed08e5ff1eef840d3cc15235e8a9411f42/ob-metaflow-extensions-1.1.9rc1.tar.gz
[2024-05-23 00:03:40] INFO root fetch - processPackages [ob-metaflow-extensions]: executing diffoscope
[2024-05-23 00:03:40] INFO root fetch - processPackages [ob-metaflow-extensions]: podman run --user 0:0 --rm -w /home/abi/fetcher -v /home/abi/fetcher/tmp:/home/abi/fetcher/tmp:ro -v /home/abi/fetcher/20240523:/home/abi/fetcher/20240523:rw registry.salsa.debian.org/reproducible-builds/diffoscope --no-progress tmp/ob-metaflow-extensions-1.1.9rc0.tar.gz tmp/ob-metaflow-extensions-1.1.9rc1.tar.gz --markdown 20240523/o/ob-metaflow-extensions/1.1.9rc0-1.1.9rc1/README.md --exclude *.pyd
[2024-05-23 00:03:40] INFO root fetch - processPackages [meerschaum]: Downloading https://files.pythonhosted.org/packages/46/b0/69af9f674a0393a0595f663c6d490a7b3ed0786c09517d6d33cd9027154f/meerschaum-2.2.0rc2.tar.gz
[2024-05-23 00:03:40] INFO root fetch - processPackages [MRISegmentator]: executing diffoscope
[2024-05-23 00:03:40] INFO root fetch - processPackages [MRISegmentator]: podman run --user 0:0 --rm -w /home/abi/fetcher -v /home/abi/fetcher/tmp:/home/abi/fetcher/tmp:ro -v /home/abi/fetcher/20240523:/home/abi/fetcher/20240523:rw registry.salsa.debian.org/reproducible-builds/diffoscope --no-progress tmp/mrisegmentator-0.1.0.tar.gz tmp/mrisegmentator-0.2.0.tar.gz --markdown 20240523/M/MRISegmentator/0.1.0-0.2.0/README.md --exclude *.pyd
[2024-05-23 00:03:40] INFO root fetch - processPackages [meerschaum]: executing diffoscope
[2024-05-23 00:03:40] INFO root fetch - processPackages [meerschaum]: podman run --user 0:0 --rm -w /home/abi/fetcher -v /home/abi/fetcher/tmp:/home/abi/fetcher/tmp:ro -v /home/abi/fetcher/20240523:/home/abi/fetcher/20240523:rw registry.salsa.debian.org/reproducible-builds/diffoscope --no-progress tmp/meerschaum-2.2.0rc1.tar.gz tmp/meerschaum-2.2.0rc2.tar.gz --markdown 20240523/m/meerschaum/2.2.0rc1-2.2.0rc2/README.md --exclude *.pyd
[2024-05-23 00:03:41] INFO root fetch - processPackages [superblocks-agent]: Remove: archive file [/home/abi/fetcher/tmp/superblocks-agent-0.0.8.tar.gz]
[2024-05-23 00:03:41] INFO root fetch - processPackages [superblocks-agent]: Remove: archive file [/home/abi/fetcher/tmp/superblocks-agent-0.0.9.tar.gz]
[2024-05-23 00:03:41] INFO root fetch - main [MainThread]: End processing [superblocks-agent]: success
[2024-05-23 00:03:41] INFO root fetch - processPackages [MRISegmentator]: Remove: archive file [/home/abi/fetcher/tmp/mrisegmentator-0.1.0.tar.gz]
[2024-05-23 00:03:41] INFO root fetch - processPackages [MRISegmentator]: Remove: archive file [/home/abi/fetcher/tmp/mrisegmentator-0.2.0.tar.gz]
[2024-05-23 00:03:41] INFO root fetch - main [MainThread]: End processing [MRISegmentator]: success
[2024-05-23 00:03:41] INFO root fetch - processPackages [JBioSeqTools]: Remove: archive file [/home/abi/fetcher/tmp/JBioSeqTools-2.0.3.tar.gz]
[2024-05-23 00:03:41] INFO root fetch - processPackages [JBioSeqTools]: Remove: archive file [/home/abi/fetcher/tmp/JBioSeqTools-2.0.4.tar.gz]
[2024-05-23 00:03:41] INFO root fetch - main [MainThread]: End processing [JBioSeqTools]: success
[2024-05-23 00:03:41] INFO root fetch - processPackages [ob-metaflow-extensions]: Remove: archive file [/home/abi/fetcher/tmp/ob-metaflow-extensions-1.1.9rc0.tar.gz]
[2024-05-23 00:03:41] INFO root fetch - processPackages [ob-metaflow-extensions]: Remove: archive file [/home/abi/fetcher/tmp/ob-metaflow-extensions-1.1.9rc1.tar.gz]
[2024-05-23 00:03:41] INFO root fetch - main [MainThread]: End processing [ob-metaflow-extensions]: success
[2024-05-23 00:03:42] INFO root fetch - processPackages [meerschaum]: Remove: archive file [/home/abi/fetcher/tmp/meerschaum-2.2.0rc1.tar.gz]
[2024-05-23 00:03:42] INFO root fetch - processPackages [meerschaum]: Remove: archive file [/home/abi/fetcher/tmp/meerschaum-2.2.0rc2.tar.gz]
[2024-05-23 00:03:42] INFO root fetch - main [MainThread]: End processing [meerschaum]: success
[2024-05-23 00:03:42] INFO root fetch - main [MainThread]: Store serial: [23333487]
